[0.138s] DEBUG:colcon:Command line arguments: ['/usr/bin/colcon', 'build', '--symlink-install']
[0.138s] DEBUG:colcon:Parsed command line arguments: Namespace(log_base=None, log_level=None, verb_name='build', build_base='build', install_base='install', merge_install=False, symlink_install=True, test_result_base=None, continue_on_error=False, executor='parallel', parallel_workers=16, event_handlers=None, ignore_user_meta=False, metas=['./colcon.meta'], base_paths=['.'], packages_ignore=None, packages_ignore_regex=None, paths=None, packages_up_to=None, packages_up_to_regex=None, packages_above=None, packages_above_and_dependencies=None, packages_above_depth=None, packages_select_by_dep=None, packages_skip_by_dep=None, packages_skip_up_to=None, packages_select_build_failed=False, packages_skip_build_finished=False, packages_select_test_failures=False, packages_skip_test_passed=False, packages_select=None, packages_skip=None, packages_select_regex=None, packages_skip_regex=None, packages_start=None, packages_end=None, allow_overriding=[], cmake_args=None, cmake_target=None, cmake_target_skip_unavailable=False, cmake_clean_cache=False, cmake_clean_first=False, cmake_force_configure=False, ament_cmake_args=None, catkin_cmake_args=None, catkin_skip_building_tests=False, mixin_files=None, mixin=None, verb_parser=<colcon_mixin.mixin.mixin_argument.MixinArgumentDecorator object at 0x76de45058df0>, verb_extension=<colcon_core.verb.build.BuildVerb object at 0x76de45058430>, main=<bound method BuildVerb.main of <colcon_core.verb.build.BuildVerb object at 0x76de45058430>>, mixin_verb=('build',))
[0.278s] Level 1:colcon.colcon_core.package_discovery:discover_packages(colcon_meta) check parameters
[0.278s] Level 1:colcon.colcon_core.package_discovery:discover_packages(recursive) check parameters
[0.278s] Level 1:colcon.colcon_core.package_discovery:discover_packages(ignore) check parameters
[0.278s] Level 1:colcon.colcon_core.package_discovery:discover_packages(path) check parameters
[0.278s] Level 1:colcon.colcon_core.package_discovery:discover_packages(colcon_meta) discover
[0.278s] Level 1:colcon.colcon_core.package_discovery:discover_packages(recursive) discover
[0.278s] INFO:colcon.colcon_core.package_discovery:Crawling recursively for packages in '/home/vsohani/ros2_ws/src/sensor_manager_ros'
[0.278s] Level 1:colcon.colcon_core.package_identification:_identify(.) by extensions ['ignore', 'ignore_ament_install']
[0.278s] Level 1:colcon.colcon_core.package_identification:_identify(.) by extension 'ignore'
[0.278s] Level 1:colcon.colcon_core.package_identification:_identify(.) by extension 'ignore_ament_install'
[0.278s] Level 1:colcon.colcon_core.package_identification:_identify(.) by extensions ['colcon_pkg']
[0.278s] Level 1:colcon.colcon_core.package_identification:_identify(.) by extension 'colcon_pkg'
[0.278s] Level 1:colcon.colcon_core.package_identification:_identify(.) by extensions ['colcon_meta']
[0.278s] Level 1:colcon.colcon_core.package_identification:_identify(.) by extension 'colcon_meta'
[0.278s] Level 1:colcon.colcon_core.package_identification:_identify(.) by extensions ['ros']
[0.278s] Level 1:colcon.colcon_core.package_identification:_identify(.) by extension 'ros'
[0.288s] DEBUG:colcon.colcon_core.package_identification:Package '.' with type 'ros.ament_cmake' and name 'sensor_manager_ros'
[0.288s] Level 1:colcon.colcon_core.package_discovery:discover_packages(recursive) using defaults
[0.288s] Level 1:colcon.colcon_core.package_discovery:discover_packages(ignore) discover
[0.288s] Level 1:colcon.colcon_core.package_discovery:discover_packages(ignore) using defaults
[0.288s] Level 1:colcon.colcon_core.package_discovery:discover_packages(path) discover
[0.288s] Level 1:colcon.colcon_core.package_discovery:discover_packages(path) using defaults
[0.306s] Level 1:colcon.colcon_core.package_discovery:discover_packages(prefix_path) check parameters
[0.306s] Level 1:colcon.colcon_core.package_discovery:discover_packages(prefix_path) discover
[0.308s] DEBUG:colcon.colcon_installed_package_information.package_discovery:Found 1 installed packages in /home/vsohani/ros2_ws/install
[0.309s] DEBUG:colcon.colcon_installed_package_information.package_discovery:Found 13 installed packages in /home/vsohani/turtlebot3_ws/install
[0.309s] DEBUG:colcon.colcon_installed_package_information.package_discovery:Found 251 installed packages in /opt/ros/humble
[0.316s] Level 1:colcon.colcon_core.package_discovery:discover_packages(prefix_path) using defaults
[0.343s] Level 5:colcon.colcon_core.verb:set package 'sensor_manager_ros' build argument 'cmake_args' from command line to 'None'
[0.343s] Level 5:colcon.colcon_core.verb:set package 'sensor_manager_ros' build argument 'cmake_target' from command line to 'None'
[0.343s] Level 5:colcon.colcon_core.verb:set package 'sensor_manager_ros' build argument 'cmake_target_skip_unavailable' from command line to 'False'
[0.343s] Level 5:colcon.colcon_core.verb:set package 'sensor_manager_ros' build argument 'cmake_clean_cache' from command line to 'False'
[0.343s] Level 5:colcon.colcon_core.verb:set package 'sensor_manager_ros' build argument 'cmake_clean_first' from command line to 'False'
[0.343s] Level 5:colcon.colcon_core.verb:set package 'sensor_manager_ros' build argument 'cmake_force_configure' from command line to 'False'
[0.343s] Level 5:colcon.colcon_core.verb:set package 'sensor_manager_ros' build argument 'ament_cmake_args' from command line to 'None'
[0.343s] Level 5:colcon.colcon_core.verb:set package 'sensor_manager_ros' build argument 'catkin_cmake_args' from command line to 'None'
[0.343s] Level 5:colcon.colcon_core.verb:set package 'sensor_manager_ros' build argument 'catkin_skip_building_tests' from command line to 'False'
[0.344s] DEBUG:colcon.colcon_core.verb:Building package 'sensor_manager_ros' with the following arguments: {'ament_cmake_args': None, 'build_base': '/home/vsohani/ros2_ws/src/sensor_manager_ros/build/sensor_manager_ros', 'catkin_cmake_args': None, 'catkin_skip_building_tests': False, 'cmake_args': None, 'cmake_clean_cache': False, 'cmake_clean_first': False, 'cmake_force_configure': False, 'cmake_target': None, 'cmake_target_skip_unavailable': False, 'install_base': '/home/vsohani/ros2_ws/src/sensor_manager_ros/install/sensor_manager_ros', 'merge_install': False, 'path': '/home/vsohani/ros2_ws/src/sensor_manager_ros', 'symlink_install': True, 'test_result_base': None}
[0.344s] INFO:colcon.colcon_core.executor:Executing jobs using 'parallel' executor
[0.344s] DEBUG:colcon.colcon_parallel_executor.executor.parallel:run_until_complete
[0.345s] INFO:colcon.colcon_ros.task.ament_cmake.build:Building ROS package in '/home/vsohani/ros2_ws/src/sensor_manager_ros' with build type 'ament_cmake'
[0.345s] INFO:colcon.colcon_cmake.task.cmake.build:Building CMake package in '/home/vsohani/ros2_ws/src/sensor_manager_ros'
[0.347s] INFO:colcon.colcon_core.plugin_system:Skipping extension 'colcon_core.shell.bat': Not used on non-Windows systems
[0.347s] INFO:colcon.colcon_core.shell:Skip shell extension 'powershell' for command environment: Not usable outside of PowerShell
[0.347s] DEBUG:colcon.colcon_core.shell:Skip shell extension 'dsv' for command environment
[0.353s] DEBUG:colcon.colcon_core.event_handler.log_command:Invoking command in '/home/vsohani/ros2_ws/src/sensor_manager_ros/build/sensor_manager_ros': CMAKE_PREFIX_PATH=${CMAKE_PREFIX_PATH}:/home/vsohani/turtlebot3_ws/install/turtlebot3_teleop:/opt/ros/humble /usr/bin/cmake /home/vsohani/ros2_ws/src/sensor_manager_ros -DAMENT_CMAKE_SYMLINK_INSTALL=1 -DCMAKE_INSTALL_PREFIX=/home/vsohani/ros2_ws/src/sensor_manager_ros/install/sensor_manager_ros
[0.364s] DEBUG:colcon.colcon_core.event_handler.log_command:Invoked command in '/home/vsohani/ros2_ws/src/sensor_manager_ros/build/sensor_manager_ros' returned '1': CMAKE_PREFIX_PATH=${CMAKE_PREFIX_PATH}:/home/vsohani/turtlebot3_ws/install/turtlebot3_teleop:/opt/ros/humble /usr/bin/cmake /home/vsohani/ros2_ws/src/sensor_manager_ros -DAMENT_CMAKE_SYMLINK_INSTALL=1 -DCMAKE_INSTALL_PREFIX=/home/vsohani/ros2_ws/src/sensor_manager_ros/install/sensor_manager_ros
[0.365s] Level 1:colcon.colcon_core.environment:create_environment_scripts_only(sensor_manager_ros)
[0.369s] Level 1:colcon.colcon_core.environment:checking '/home/vsohani/ros2_ws/src/sensor_manager_ros/install/sensor_manager_ros' for CMake module files
[0.369s] Level 1:colcon.colcon_core.environment:checking '/home/vsohani/ros2_ws/src/sensor_manager_ros/install/sensor_manager_ros' for CMake config files
[0.369s] Level 1:colcon.colcon_core.shell:create_environment_hook('sensor_manager_ros', 'cmake_prefix_path')
[0.369s] INFO:colcon.colcon_core.shell:Creating environment hook '/home/vsohani/ros2_ws/src/sensor_manager_ros/install/sensor_manager_ros/share/sensor_manager_ros/hook/cmake_prefix_path.ps1'
[0.370s] INFO:colcon.colcon_core.shell:Creating environment descriptor '/home/vsohani/ros2_ws/src/sensor_manager_ros/install/sensor_manager_ros/share/sensor_manager_ros/hook/cmake_prefix_path.dsv'
[0.371s] INFO:colcon.colcon_core.shell:Creating environment hook '/home/vsohani/ros2_ws/src/sensor_manager_ros/install/sensor_manager_ros/share/sensor_manager_ros/hook/cmake_prefix_path.sh'
[0.371s] Level 1:colcon.colcon_core.environment:checking '/home/vsohani/ros2_ws/src/sensor_manager_ros/install/sensor_manager_ros/lib'
[0.372s] Level 1:colcon.colcon_core.environment:checking '/home/vsohani/ros2_ws/src/sensor_manager_ros/install/sensor_manager_ros/bin'
[0.372s] Level 1:colcon.colcon_core.environment:checking '/home/vsohani/ros2_ws/src/sensor_manager_ros/install/sensor_manager_ros/lib/pkgconfig/sensor_manager_ros.pc'
[0.372s] Level 1:colcon.colcon_core.environment:checking '/home/vsohani/ros2_ws/src/sensor_manager_ros/install/sensor_manager_ros/lib/python3.10/site-packages'
[0.372s] Level 1:colcon.colcon_core.environment:checking '/home/vsohani/ros2_ws/src/sensor_manager_ros/install/sensor_manager_ros/bin'
[0.372s] INFO:colcon.colcon_core.shell:Creating package script '/home/vsohani/ros2_ws/src/sensor_manager_ros/install/sensor_manager_ros/share/sensor_manager_ros/package.ps1'
[0.373s] INFO:colcon.colcon_core.shell:Creating package descriptor '/home/vsohani/ros2_ws/src/sensor_manager_ros/install/sensor_manager_ros/share/sensor_manager_ros/package.dsv'
[0.374s] INFO:colcon.colcon_core.shell:Creating package script '/home/vsohani/ros2_ws/src/sensor_manager_ros/install/sensor_manager_ros/share/sensor_manager_ros/package.sh'
[0.374s] INFO:colcon.colcon_core.shell:Creating package script '/home/vsohani/ros2_ws/src/sensor_manager_ros/install/sensor_manager_ros/share/sensor_manager_ros/package.bash'
[0.375s] INFO:colcon.colcon_core.shell:Creating package script '/home/vsohani/ros2_ws/src/sensor_manager_ros/install/sensor_manager_ros/share/sensor_manager_ros/package.zsh'
[0.376s] Level 1:colcon.colcon_core.environment:create_file_with_runtime_dependencies(/home/vsohani/ros2_ws/src/sensor_manager_ros/install/sensor_manager_ros/share/colcon-core/packages/sensor_manager_ros)
[0.386s] DEBUG:colcon.colcon_parallel_executor.executor.parallel:closing loop
[0.386s] DEBUG:colcon.colcon_parallel_executor.executor.parallel:loop closed
[0.386s] DEBUG:colcon.colcon_parallel_executor.executor.parallel:run_until_complete finished with '1'
[0.386s] DEBUG:colcon.colcon_core.event_reactor:joining thread
[0.392s] INFO:colcon.colcon_core.plugin_system:Skipping extension 'colcon_notification.desktop_notification.terminal_notifier': Not used on non-Darwin systems
[0.392s] INFO:colcon.colcon_core.plugin_system:Skipping extension 'colcon_notification.desktop_notification.win32': Not used on non-Windows systems
[0.392s] INFO:colcon.colcon_notification.desktop_notification:Sending desktop notification using 'notify2'
[0.405s] DEBUG:colcon.colcon_core.event_reactor:joined thread
[0.405s] INFO:colcon.colcon_core.shell:Creating prefix script '/home/vsohani/ros2_ws/src/sensor_manager_ros/install/local_setup.ps1'
[0.406s] INFO:colcon.colcon_core.shell:Creating prefix util module '/home/vsohani/ros2_ws/src/sensor_manager_ros/install/_local_setup_util_ps1.py'
[0.408s] INFO:colcon.colcon_core.shell:Creating prefix chain script '/home/vsohani/ros2_ws/src/sensor_manager_ros/install/setup.ps1'
[0.410s] INFO:colcon.colcon_core.shell:Creating prefix script '/home/vsohani/ros2_ws/src/sensor_manager_ros/install/local_setup.sh'
[0.411s] INFO:colcon.colcon_core.shell:Creating prefix util module '/home/vsohani/ros2_ws/src/sensor_manager_ros/install/_local_setup_util_sh.py'
[0.411s] INFO:colcon.colcon_core.shell:Creating prefix chain script '/home/vsohani/ros2_ws/src/sensor_manager_ros/install/setup.sh'
[0.413s] INFO:colcon.colcon_core.shell:Creating prefix script '/home/vsohani/ros2_ws/src/sensor_manager_ros/install/local_setup.bash'
[0.413s] INFO:colcon.colcon_core.shell:Creating prefix chain script '/home/vsohani/ros2_ws/src/sensor_manager_ros/install/setup.bash'
[0.415s] INFO:colcon.colcon_core.shell:Creating prefix script '/home/vsohani/ros2_ws/src/sensor_manager_ros/install/local_setup.zsh'
[0.416s] INFO:colcon.colcon_core.shell:Creating prefix chain script '/home/vsohani/ros2_ws/src/sensor_manager_ros/install/setup.zsh'
