[35m[1mConsolidate compiler generated dependencies of target sensor_manager_node[0m
[ 42%] [32mBuilding CXX object CMakeFiles/sensor_manager_node.dir/src/sensor_manager_node.cpp.o[0m
[ 42%] [32mBuilding CXX object CMakeFiles/sensor_manager_node.dir/src/SensorManager.cpp.o[0m
[ 42%] [32mBuilding CXX object CMakeFiles/sensor_manager_node.dir/src/LidarSensor.cpp.o[0m
[ 57%] [32m[1mLinking CXX executable sensor_manager_node[0m
[100%] Built target sensor_manager_node
-- Install configuration: ""
-- Installing: /home/vsohani/ros2_humble/src/sensor_manager_ros/install/sensor_manager_ros/lib/sensor_manager_ros/sensor_manager_node
-- Set runtime path of "/home/vsohani/ros2_humble/src/sensor_manager_ros/install/sensor_manager_ros/lib/sensor_manager_ros/sensor_manager_node" to ""
-- Installing: /home/vsohani/ros2_humble/src/sensor_manager_ros/install/sensor_manager_ros/share/ament_index/resource_index/package_run_dependencies/sensor_manager_ros
-- Installing: /home/vsohani/ros2_humble/src/sensor_manager_ros/install/sensor_manager_ros/share/ament_index/resource_index/parent_prefix_path/sensor_manager_ros
-- Installing: /home/vsohani/ros2_humble/src/sensor_manager_ros/install/sensor_manager_ros/share/sensor_manager_ros/environment/ament_prefix_path.sh
-- Installing: /home/vsohani/ros2_humble/src/sensor_manager_ros/install/sensor_manager_ros/share/sensor_manager_ros/environment/ament_prefix_path.dsv
-- Installing: /home/vsohani/ros2_humble/src/sensor_manager_ros/install/sensor_manager_ros/share/sensor_manager_ros/environment/path.sh
-- Installing: /home/vsohani/ros2_humble/src/sensor_manager_ros/install/sensor_manager_ros/share/sensor_manager_ros/environment/path.dsv
-- Installing: /home/vsohani/ros2_humble/src/sensor_manager_ros/install/sensor_manager_ros/share/sensor_manager_ros/local_setup.bash
-- Installing: /home/vsohani/ros2_humble/src/sensor_manager_ros/install/sensor_manager_ros/share/sensor_manager_ros/local_setup.sh
-- Installing: /home/vsohani/ros2_humble/src/sensor_manager_ros/install/sensor_manager_ros/share/sensor_manager_ros/local_setup.zsh
-- Installing: /home/vsohani/ros2_humble/src/sensor_manager_ros/install/sensor_manager_ros/share/sensor_manager_ros/local_setup.dsv
-- Installing: /home/vsohani/ros2_humble/src/sensor_manager_ros/install/sensor_manager_ros/share/sensor_manager_ros/package.dsv
-- Installing: /home/vsohani/ros2_humble/src/sensor_manager_ros/install/sensor_manager_ros/share/ament_index/resource_index/packages/sensor_manager_ros
-- Installing: /home/vsohani/ros2_humble/src/sensor_manager_ros/install/sensor_manager_ros/share/sensor_manager_ros/cmake/sensor_manager_rosConfig.cmake
-- Installing: /home/vsohani/ros2_humble/src/sensor_manager_ros/install/sensor_manager_ros/share/sensor_manager_ros/cmake/sensor_manager_rosConfig-version.cmake
-- Installing: /home/vsohani/ros2_humble/src/sensor_manager_ros/install/sensor_manager_ros/share/sensor_manager_ros/package.xml
