[35m[1mConsolidate compiler generated dependencies of target sensor_manager_node[0m
[ 14%] [32mBuilding CXX object CMakeFiles/sensor_manager_node.dir/src/LidarSensor.cpp.o[0m
[ 28%] [32m[1mLinking CXX executable sensor_manager_node[0m
[100%] Built target sensor_manager_node
-- Install configuration: ""
-- Installing: /home/vsohani/ros2_humble/src/sensor_manager_ros/install/sensor_manager_ros/lib/sensor_manager_ros/sensor_manager_node
-- Set runtime path of "/home/vsohani/ros2_humble/src/sensor_manager_ros/install/sensor_manager_ros/lib/sensor_manager_ros/sensor_manager_node" to ""
-- Up-to-date: /home/vsohani/ros2_humble/src/sensor_manager_ros/install/sensor_manager_ros/share/ament_index/resource_index/package_run_dependencies/sensor_manager_ros
-- Up-to-date: /home/vsohani/ros2_humble/src/sensor_manager_ros/install/sensor_manager_ros/share/ament_index/resource_index/parent_prefix_path/sensor_manager_ros
-- Up-to-date: /home/vsohani/ros2_humble/src/sensor_manager_ros/install/sensor_manager_ros/share/sensor_manager_ros/environment/ament_prefix_path.dsv
-- Up-to-date: /home/vsohani/ros2_humble/src/sensor_manager_ros/install/sensor_manager_ros/share/sensor_manager_ros/environment/path.dsv
-- Up-to-date: /home/vsohani/ros2_humble/src/sensor_manager_ros/install/sensor_manager_ros/share/sensor_manager_ros/local_setup.bash
-- Up-to-date: /home/vsohani/ros2_humble/src/sensor_manager_ros/install/sensor_manager_ros/share/sensor_manager_ros/local_setup.sh
-- Up-to-date: /home/vsohani/ros2_humble/src/sensor_manager_ros/install/sensor_manager_ros/share/sensor_manager_ros/local_setup.zsh
-- Up-to-date: /home/vsohani/ros2_humble/src/sensor_manager_ros/install/sensor_manager_ros/share/sensor_manager_ros/local_setup.dsv
-- Installing: /home/vsohani/ros2_humble/src/sensor_manager_ros/install/sensor_manager_ros/share/sensor_manager_ros/package.dsv
-- Up-to-date: /home/vsohani/ros2_humble/src/sensor_manager_ros/install/sensor_manager_ros/share/ament_index/resource_index/packages/sensor_manager_ros
-- Up-to-date: /home/vsohani/ros2_humble/src/sensor_manager_ros/install/sensor_manager_ros/share/sensor_manager_ros/cmake/sensor_manager_rosConfig.cmake
-- Up-to-date: /home/vsohani/ros2_humble/src/sensor_manager_ros/install/sensor_manager_ros/share/sensor_manager_ros/cmake/sensor_manager_rosConfig-version.cmake
-- Up-to-date: /home/vsohani/ros2_humble/src/sensor_manager_ros/install/sensor_manager_ros/share/sensor_manager_ros/package.xml
