[0.167s] DEBUG:colcon:Command line arguments: ['/usr/bin/colcon', 'build', '--packages-select', 'sensor_manager_ros']
[0.167s] DEBUG:colcon:Parsed command line arguments: Namespace(log_base=None, log_level=None, verb_name='build', build_base='build', install_base='install', merge_install=False, symlink_install=False, test_result_base=None, continue_on_error=False, executor='parallel', parallel_workers=16, event_handlers=None, ignore_user_meta=False, metas=['./colcon.meta'], base_paths=['.'], packages_ignore=None, packages_ignore_regex=None, paths=None, packages_up_to=None, packages_up_to_regex=None, packages_above=None, packages_above_and_dependencies=None, packages_above_depth=None, packages_select_by_dep=None, packages_skip_by_dep=None, packages_skip_up_to=None, packages_select_build_failed=False, packages_skip_build_finished=False, packages_select_test_failures=False, packages_skip_test_passed=False, packages_select=['sensor_manager_ros'], packages_skip=None, packages_select_regex=None, packages_skip_regex=None, packages_start=None, packages_end=None, allow_overriding=[], cmake_args=None, cmake_target=None, cmake_target_skip_unavailable=False, cmake_clean_cache=False, cmake_clean_first=False, cmake_force_configure=False, ament_cmake_args=None, catkin_cmake_args=None, catkin_skip_building_tests=False, mixin_files=None, mixin=None, verb_parser=<colcon_mixin.mixin.mixin_argument.MixinArgumentDecorator object at 0x78244498c910>, verb_extension=<colcon_core.verb.build.BuildVerb object at 0x782444ae17e0>, main=<bound method BuildVerb.main of <colcon_core.verb.build.BuildVerb object at 0x782444ae17e0>>, mixin_verb=('build',))
[0.351s] Level 1:colcon.colcon_core.package_discovery:discover_packages(colcon_meta) check parameters
[0.351s] Level 1:colcon.colcon_core.package_discovery:discover_packages(recursive) check parameters
[0.351s] Level 1:colcon.colcon_core.package_discovery:discover_packages(ignore) check parameters
[0.351s] Level 1:colcon.colcon_core.package_discovery:discover_packages(path) check parameters
[0.351s] Level 1:colcon.colcon_core.package_discovery:discover_packages(colcon_meta) discover
[0.351s] Level 1:colcon.colcon_core.package_discovery:discover_packages(recursive) discover
[0.351s] INFO:colcon.colcon_core.package_discovery:Crawling recursively for packages in '/home/vsohani/ros2_humble/src/sensor_manager_ros'
[0.352s] Level 1:colcon.colcon_core.package_identification:_identify(.) by extensions ['ignore', 'ignore_ament_install']
[0.352s] Level 1:colcon.colcon_core.package_identification:_identify(.) by extension 'ignore'
[0.352s] Level 1:colcon.colcon_core.package_identification:_identify(.) by extension 'ignore_ament_install'
[0.352s] Level 1:colcon.colcon_core.package_identification:_identify(.) by extensions ['colcon_pkg']
[0.352s] Level 1:colcon.colcon_core.package_identification:_identify(.) by extension 'colcon_pkg'
[0.352s] Level 1:colcon.colcon_core.package_identification:_identify(.) by extensions ['colcon_meta']
[0.352s] Level 1:colcon.colcon_core.package_identification:_identify(.) by extension 'colcon_meta'
[0.352s] Level 1:colcon.colcon_core.package_identification:_identify(.) by extensions ['ros']
[0.352s] Level 1:colcon.colcon_core.package_identification:_identify(.) by extension 'ros'
[0.362s] DEBUG:colcon.colcon_core.package_identification:Package '.' with type 'ros.ament_cmake' and name 'sensor_manager_ros'
[0.362s] Level 1:colcon.colcon_core.package_discovery:discover_packages(recursive) using defaults
[0.362s] Level 1:colcon.colcon_core.package_discovery:discover_packages(ignore) discover
[0.362s] Level 1:colcon.colcon_core.package_discovery:discover_packages(ignore) using defaults
[0.362s] Level 1:colcon.colcon_core.package_discovery:discover_packages(path) discover
[0.362s] Level 1:colcon.colcon_core.package_discovery:discover_packages(path) using defaults
[0.395s] Level 1:colcon.colcon_core.package_discovery:discover_packages(prefix_path) check parameters
[0.395s] Level 1:colcon.colcon_core.package_discovery:discover_packages(prefix_path) discover
[0.404s] DEBUG:colcon.colcon_installed_package_information.package_discovery:Found 16 installed packages in /home/vsohani/ros2_humble/src/turtlebot3_ws/install
[0.410s] DEBUG:colcon.colcon_installed_package_information.package_discovery:Found 363 installed packages in /home/vsohani/ros2_humble/install
[0.413s] DEBUG:colcon.colcon_installed_package_information.package_discovery:Found 237 installed packages in /opt/ros/humble
[0.417s] Level 1:colcon.colcon_core.package_discovery:discover_packages(prefix_path) using defaults
[0.458s] Level 5:colcon.colcon_core.verb:set package 'sensor_manager_ros' build argument 'cmake_args' from command line to 'None'
[0.458s] Level 5:colcon.colcon_core.verb:set package 'sensor_manager_ros' build argument 'cmake_target' from command line to 'None'
[0.458s] Level 5:colcon.colcon_core.verb:set package 'sensor_manager_ros' build argument 'cmake_target_skip_unavailable' from command line to 'False'
[0.458s] Level 5:colcon.colcon_core.verb:set package 'sensor_manager_ros' build argument 'cmake_clean_cache' from command line to 'False'
[0.458s] Level 5:colcon.colcon_core.verb:set package 'sensor_manager_ros' build argument 'cmake_clean_first' from command line to 'False'
[0.458s] Level 5:colcon.colcon_core.verb:set package 'sensor_manager_ros' build argument 'cmake_force_configure' from command line to 'False'
[0.458s] Level 5:colcon.colcon_core.verb:set package 'sensor_manager_ros' build argument 'ament_cmake_args' from command line to 'None'
[0.458s] Level 5:colcon.colcon_core.verb:set package 'sensor_manager_ros' build argument 'catkin_cmake_args' from command line to 'None'
[0.458s] Level 5:colcon.colcon_core.verb:set package 'sensor_manager_ros' build argument 'catkin_skip_building_tests' from command line to 'False'
[0.458s] DEBUG:colcon.colcon_core.verb:Building package 'sensor_manager_ros' with the following arguments: {'ament_cmake_args': None, 'build_base': '/home/vsohani/ros2_humble/src/sensor_manager_ros/build/sensor_manager_ros', 'catkin_cmake_args': None, 'catkin_skip_building_tests': False, 'cmake_args': None, 'cmake_clean_cache': False, 'cmake_clean_first': False, 'cmake_force_configure': False, 'cmake_target': None, 'cmake_target_skip_unavailable': False, 'install_base': '/home/vsohani/ros2_humble/src/sensor_manager_ros/install/sensor_manager_ros', 'merge_install': False, 'path': '/home/vsohani/ros2_humble/src/sensor_manager_ros', 'symlink_install': False, 'test_result_base': None}
[0.458s] INFO:colcon.colcon_core.executor:Executing jobs using 'parallel' executor
[0.459s] DEBUG:colcon.colcon_parallel_executor.executor.parallel:run_until_complete
[0.459s] INFO:colcon.colcon_ros.task.ament_cmake.build:Building ROS package in '/home/vsohani/ros2_humble/src/sensor_manager_ros' with build type 'ament_cmake'
[0.459s] INFO:colcon.colcon_cmake.task.cmake.build:Building CMake package in '/home/vsohani/ros2_humble/src/sensor_manager_ros'
[0.463s] INFO:colcon.colcon_core.plugin_system:Skipping extension 'colcon_core.shell.bat': Not used on non-Windows systems
[0.463s] INFO:colcon.colcon_core.shell:Skip shell extension 'powershell' for command environment: Not usable outside of PowerShell
[0.463s] DEBUG:colcon.colcon_core.shell:Skip shell extension 'dsv' for command environment
[0.496s] DEBUG:colcon.colcon_core.event_handler.log_command:Invoking command in '/home/vsohani/ros2_humble/src/sensor_manager_ros/build/sensor_manager_ros': CMAKE_PREFIX_PATH=${CMAKE_PREFIX_PATH}:/home/vsohani/ros2_humble/src/turtlebot3_ws/install/turtlebot3_teleop:/home/vsohani/ros2_humble/src/turtlebot3_ws/install/turtlebot3_example:/opt/ros/humble:/home/vsohani/ros2_humble/install/rqt_bag_plugins:/home/vsohani/ros2_humble/install/rqt_bag:/home/vsohani/ros2_humble/install/launch_testing_examples:/home/vsohani/ros2_humble/install/ros2bag:/home/vsohani/ros2_humble/install/turtlebot3_example:/home/vsohani/ros2_humble/install/turtlebot3_teleop:/home/vsohani/ros2_humble/install/tracetools_test:/home/vsohani/ros2_humble/install/tracetools_launch:/home/vsohani/ros2_humble/install/topic_monitor:/home/vsohani/ros2_humble/install/tf2_tools:/home/vsohani/ros2_humble/install/examples_tf2_py:/home/vsohani/ros2_humble/install/tf2_ros_py:/home/vsohani/ros2_humble/install/sros2:/home/vsohani/ros2_humble/install/rqt_topic:/home/vsohani/ros2_humble/install/rqt_srv:/home/vsohani/ros2_humble/install/rqt_shell:/home/vsohani/ros2_humble/install/rqt_service_caller:/home/vsohani/ros2_humble/install/rqt_reconfigure:/home/vsohani/ros2_humble/install/rqt_py_console:/home/vsohani/ros2_humble/install/rqt_publisher:/home/vsohani/ros2_humble/install/rqt_plot:/home/vsohani/ros2_humble/install/rqt_action:/home/vsohani/ros2_humble/install/rqt_msg:/home/vsohani/ros2_humble/install/rqt_console:/home/vsohani/ros2_humble/install/rqt:/home/vsohani/ros2_humble/install/rqt_graph:/home/vsohani/ros2_humble/install/rqt_gui_py:/home/vsohani/ros2_humble/install/rqt_gui:/home/vsohani/ros2_humble/install/ros2trace:/home/vsohani/ros2_humble/install/ros2topic:/home/vsohani/ros2_humble/install/ros2test:/home/vsohani/ros2_humble/install/ros2component:/home/vsohani/ros2_humble/install/ros2param:/home/vsohani/ros2_humble/install/ros2lifecycle:/home/vsohani/ros2_humble/install/ros2service:/home/vsohani/ros2_humble/install/ros2run:/home/vsohani/ros2_humble/install/ros2launch:/home/vsohani/ros2_humble/install/ros2pkg:/home/vsohani/ros2_humble/install/ros2node:/home/vsohani/ros2_humble/install/ros2multicast:/home/vsohani/ros2_humble/install/ros2interface:/home/vsohani/ros2_humble/install/ros2doctor:/home/vsohani/ros2_humble/install/ros2action:/home/vsohani/ros2_humble/install/ros2cli:/home/vsohani/ros2_humble/install/quality_of_service_demo_py:/home/vsohani/ros2_humble/install/lifecycle_py:/home/vsohani/ros2_humble/install/launch_testing_ros:/home/vsohani/ros2_humble/install/launch_ros:/home/vsohani/ros2_humble/install/examples_rclpy_pointcloud_publisher:/home/vsohani/ros2_humble/install/examples_rclpy_minimal_subscriber:/home/vsohani/ros2_humble/install/examples_rclpy_minimal_service:/home/vsohani/ros2_humble/install/examples_rclpy_minimal_publisher:/home/vsohani/ros2_humble/install/examples_rclpy_minimal_client:/home/vsohani/ros2_humble/install/examples_rclpy_minimal_action_server:/home/vsohani/ros2_humble/install/examples_rclpy_minimal_action_client:/home/vsohani/ros2_humble/install/examples_rclpy_guard_conditions:/home/vsohani/ros2_humble/install/examples_rclpy_executors:/home/vsohani/ros2_humble/install/demo_nodes_py:/home/vsohani/ros2_humble/install/camera_info_manager_py:/home/vsohani/ros2_humble/install/action_tutorials_py:/home/vsohani/ros2_humble/install/ament_uncrustify:/home/vsohani/ros2_humble/install/tracetools_trace:/home/vsohani/ros2_humble/install/tracetools_read:/home/vsohani/ros2_humble/install/test_tracetools_launch:/home/vsohani/ros2_humble/install/test_launch_ros:/home/vsohani/ros2_humble/install/sensor_msgs_py:/home/vsohani/ros2_humble/install/rpyutils:/home/vsohani/ros2_humble/install/rosidl_runtime_py:/home/vsohani/ros2_humble/install/rosidl_cli:/home/vsohani/ros2_humble/install/launch_pytest:/home/vsohani/ros2_humble/install/launch_testing:/home/vsohani/ros2_humble/install/launch_yaml:/home/vsohani/ros2_humble/install/launch_xml:/home/vsohani/ros2_humble/install/launch:/home/vsohani/ros2_humble/install/osrf_pycommon:/home/vsohani/ros2_humble/install/domain_coordinator:/home/vsohani/ros2_humble/install/ament_xmllint:/home/vsohani/ros2_humble/install/ament_pyflakes:/home/vsohani/ros2_humble/install/ament_pycodestyle:/home/vsohani/ros2_humble/install/ament_pep257:/home/vsohani/ros2_humble/install/ament_pclint:/home/vsohani/ros2_humble/install/ament_package:/home/vsohani/ros2_humble/install/ament_mypy:/home/vsohani/ros2_humble/install/ament_lint_cmake:/home/vsohani/ros2_humble/install/ament_flake8:/home/vsohani/ros2_humble/install/ament_copyright:/home/vsohani/ros2_humble/install/ament_lint:/home/vsohani/ros2_humble/install/ament_index_python:/home/vsohani/ros2_humble/install/ament_cpplint:/home/vsohani/ros2_humble/install/ament_cppcheck:/home/vsohani/ros2_humble/install/ament_clang_tidy:/home/vsohani/ros2_humble/install/ament_clang_format /usr/bin/cmake --build /home/vsohani/ros2_humble/src/sensor_manager_ros/build/sensor_manager_ros -- -j16 -l16
[7.179s] DEBUG:colcon.colcon_core.event_handler.log_command:Invoked command in '/home/vsohani/ros2_humble/src/sensor_manager_ros/build/sensor_manager_ros' returned '2': CMAKE_PREFIX_PATH=${CMAKE_PREFIX_PATH}:/home/vsohani/ros2_humble/src/turtlebot3_ws/install/turtlebot3_teleop:/home/vsohani/ros2_humble/src/turtlebot3_ws/install/turtlebot3_example:/opt/ros/humble:/home/vsohani/ros2_humble/install/rqt_bag_plugins:/home/vsohani/ros2_humble/install/rqt_bag:/home/vsohani/ros2_humble/install/launch_testing_examples:/home/vsohani/ros2_humble/install/ros2bag:/home/vsohani/ros2_humble/install/turtlebot3_example:/home/vsohani/ros2_humble/install/turtlebot3_teleop:/home/vsohani/ros2_humble/install/tracetools_test:/home/vsohani/ros2_humble/install/tracetools_launch:/home/vsohani/ros2_humble/install/topic_monitor:/home/vsohani/ros2_humble/install/tf2_tools:/home/vsohani/ros2_humble/install/examples_tf2_py:/home/vsohani/ros2_humble/install/tf2_ros_py:/home/vsohani/ros2_humble/install/sros2:/home/vsohani/ros2_humble/install/rqt_topic:/home/vsohani/ros2_humble/install/rqt_srv:/home/vsohani/ros2_humble/install/rqt_shell:/home/vsohani/ros2_humble/install/rqt_service_caller:/home/vsohani/ros2_humble/install/rqt_reconfigure:/home/vsohani/ros2_humble/install/rqt_py_console:/home/vsohani/ros2_humble/install/rqt_publisher:/home/vsohani/ros2_humble/install/rqt_plot:/home/vsohani/ros2_humble/install/rqt_action:/home/vsohani/ros2_humble/install/rqt_msg:/home/vsohani/ros2_humble/install/rqt_console:/home/vsohani/ros2_humble/install/rqt:/home/vsohani/ros2_humble/install/rqt_graph:/home/vsohani/ros2_humble/install/rqt_gui_py:/home/vsohani/ros2_humble/install/rqt_gui:/home/vsohani/ros2_humble/install/ros2trace:/home/vsohani/ros2_humble/install/ros2topic:/home/vsohani/ros2_humble/install/ros2test:/home/vsohani/ros2_humble/install/ros2component:/home/vsohani/ros2_humble/install/ros2param:/home/vsohani/ros2_humble/install/ros2lifecycle:/home/vsohani/ros2_humble/install/ros2service:/home/vsohani/ros2_humble/install/ros2run:/home/vsohani/ros2_humble/install/ros2launch:/home/vsohani/ros2_humble/install/ros2pkg:/home/vsohani/ros2_humble/install/ros2node:/home/vsohani/ros2_humble/install/ros2multicast:/home/vsohani/ros2_humble/install/ros2interface:/home/vsohani/ros2_humble/install/ros2doctor:/home/vsohani/ros2_humble/install/ros2action:/home/vsohani/ros2_humble/install/ros2cli:/home/vsohani/ros2_humble/install/quality_of_service_demo_py:/home/vsohani/ros2_humble/install/lifecycle_py:/home/vsohani/ros2_humble/install/launch_testing_ros:/home/vsohani/ros2_humble/install/launch_ros:/home/vsohani/ros2_humble/install/examples_rclpy_pointcloud_publisher:/home/vsohani/ros2_humble/install/examples_rclpy_minimal_subscriber:/home/vsohani/ros2_humble/install/examples_rclpy_minimal_service:/home/vsohani/ros2_humble/install/examples_rclpy_minimal_publisher:/home/vsohani/ros2_humble/install/examples_rclpy_minimal_client:/home/vsohani/ros2_humble/install/examples_rclpy_minimal_action_server:/home/vsohani/ros2_humble/install/examples_rclpy_minimal_action_client:/home/vsohani/ros2_humble/install/examples_rclpy_guard_conditions:/home/vsohani/ros2_humble/install/examples_rclpy_executors:/home/vsohani/ros2_humble/install/demo_nodes_py:/home/vsohani/ros2_humble/install/camera_info_manager_py:/home/vsohani/ros2_humble/install/action_tutorials_py:/home/vsohani/ros2_humble/install/ament_uncrustify:/home/vsohani/ros2_humble/install/tracetools_trace:/home/vsohani/ros2_humble/install/tracetools_read:/home/vsohani/ros2_humble/install/test_tracetools_launch:/home/vsohani/ros2_humble/install/test_launch_ros:/home/vsohani/ros2_humble/install/sensor_msgs_py:/home/vsohani/ros2_humble/install/rpyutils:/home/vsohani/ros2_humble/install/rosidl_runtime_py:/home/vsohani/ros2_humble/install/rosidl_cli:/home/vsohani/ros2_humble/install/launch_pytest:/home/vsohani/ros2_humble/install/launch_testing:/home/vsohani/ros2_humble/install/launch_yaml:/home/vsohani/ros2_humble/install/launch_xml:/home/vsohani/ros2_humble/install/launch:/home/vsohani/ros2_humble/install/osrf_pycommon:/home/vsohani/ros2_humble/install/domain_coordinator:/home/vsohani/ros2_humble/install/ament_xmllint:/home/vsohani/ros2_humble/install/ament_pyflakes:/home/vsohani/ros2_humble/install/ament_pycodestyle:/home/vsohani/ros2_humble/install/ament_pep257:/home/vsohani/ros2_humble/install/ament_pclint:/home/vsohani/ros2_humble/install/ament_package:/home/vsohani/ros2_humble/install/ament_mypy:/home/vsohani/ros2_humble/install/ament_lint_cmake:/home/vsohani/ros2_humble/install/ament_flake8:/home/vsohani/ros2_humble/install/ament_copyright:/home/vsohani/ros2_humble/install/ament_lint:/home/vsohani/ros2_humble/install/ament_index_python:/home/vsohani/ros2_humble/install/ament_cpplint:/home/vsohani/ros2_humble/install/ament_cppcheck:/home/vsohani/ros2_humble/install/ament_clang_tidy:/home/vsohani/ros2_humble/install/ament_clang_format /usr/bin/cmake --build /home/vsohani/ros2_humble/src/sensor_manager_ros/build/sensor_manager_ros -- -j16 -l16
[7.180s] Level 1:colcon.colcon_core.environment:create_environment_scripts_only(sensor_manager_ros)
[7.185s] Level 1:colcon.colcon_core.environment:checking '/home/vsohani/ros2_humble/src/sensor_manager_ros/install/sensor_manager_ros' for CMake module files
[7.185s] Level 1:colcon.colcon_core.environment:checking '/home/vsohani/ros2_humble/src/sensor_manager_ros/install/sensor_manager_ros' for CMake config files
[7.185s] Level 1:colcon.colcon_core.environment:checking '/home/vsohani/ros2_humble/src/sensor_manager_ros/install/sensor_manager_ros/bin'
[7.185s] Level 1:colcon.colcon_core.environment:checking '/home/vsohani/ros2_humble/src/sensor_manager_ros/install/sensor_manager_ros/lib/pkgconfig/sensor_manager_ros.pc'
[7.186s] Level 1:colcon.colcon_core.environment:checking '/home/vsohani/ros2_humble/src/sensor_manager_ros/install/sensor_manager_ros/lib/python3.10/site-packages'
[7.186s] Level 1:colcon.colcon_core.environment:checking '/home/vsohani/ros2_humble/src/sensor_manager_ros/install/sensor_manager_ros/bin'
[7.186s] INFO:colcon.colcon_core.shell:Creating package script '/home/vsohani/ros2_humble/src/sensor_manager_ros/install/sensor_manager_ros/share/sensor_manager_ros/package.ps1'
[7.187s] INFO:colcon.colcon_core.shell:Creating package descriptor '/home/vsohani/ros2_humble/src/sensor_manager_ros/install/sensor_manager_ros/share/sensor_manager_ros/package.dsv'
[7.187s] INFO:colcon.colcon_core.shell:Creating package script '/home/vsohani/ros2_humble/src/sensor_manager_ros/install/sensor_manager_ros/share/sensor_manager_ros/package.sh'
[7.187s] INFO:colcon.colcon_core.shell:Creating package script '/home/vsohani/ros2_humble/src/sensor_manager_ros/install/sensor_manager_ros/share/sensor_manager_ros/package.bash'
[7.188s] INFO:colcon.colcon_core.shell:Creating package script '/home/vsohani/ros2_humble/src/sensor_manager_ros/install/sensor_manager_ros/share/sensor_manager_ros/package.zsh'
[7.188s] Level 1:colcon.colcon_core.environment:create_file_with_runtime_dependencies(/home/vsohani/ros2_humble/src/sensor_manager_ros/install/sensor_manager_ros/share/colcon-core/packages/sensor_manager_ros)
[7.199s] DEBUG:colcon.colcon_parallel_executor.executor.parallel:closing loop
[7.199s] DEBUG:colcon.colcon_parallel_executor.executor.parallel:loop closed
[7.199s] DEBUG:colcon.colcon_parallel_executor.executor.parallel:run_until_complete finished with '2'
[7.199s] DEBUG:colcon.colcon_core.event_reactor:joining thread
[7.214s] INFO:colcon.colcon_core.plugin_system:Skipping extension 'colcon_notification.desktop_notification.terminal_notifier': Not used on non-Darwin systems
[7.214s] INFO:colcon.colcon_core.plugin_system:Skipping extension 'colcon_notification.desktop_notification.win32': Not used on non-Windows systems
[7.214s] INFO:colcon.colcon_notification.desktop_notification:Sending desktop notification using 'notify2'
[7.226s] DEBUG:colcon.colcon_core.event_reactor:joined thread
[7.226s] INFO:colcon.colcon_core.shell:Creating prefix script '/home/vsohani/ros2_humble/src/sensor_manager_ros/install/local_setup.ps1'
[7.227s] INFO:colcon.colcon_core.shell:Creating prefix util module '/home/vsohani/ros2_humble/src/sensor_manager_ros/install/_local_setup_util_ps1.py'
[7.229s] INFO:colcon.colcon_core.shell:Creating prefix chain script '/home/vsohani/ros2_humble/src/sensor_manager_ros/install/setup.ps1'
[7.239s] INFO:colcon.colcon_core.shell:Creating prefix script '/home/vsohani/ros2_humble/src/sensor_manager_ros/install/local_setup.sh'
[7.239s] INFO:colcon.colcon_core.shell:Creating prefix util module '/home/vsohani/ros2_humble/src/sensor_manager_ros/install/_local_setup_util_sh.py'
[7.240s] INFO:colcon.colcon_core.shell:Creating prefix chain script '/home/vsohani/ros2_humble/src/sensor_manager_ros/install/setup.sh'
[7.249s] INFO:colcon.colcon_core.shell:Creating prefix script '/home/vsohani/ros2_humble/src/sensor_manager_ros/install/local_setup.bash'
[7.249s] INFO:colcon.colcon_core.shell:Creating prefix chain script '/home/vsohani/ros2_humble/src/sensor_manager_ros/install/setup.bash'
[7.262s] INFO:colcon.colcon_core.shell:Creating prefix script '/home/vsohani/ros2_humble/src/sensor_manager_ros/install/local_setup.zsh'
[7.263s] INFO:colcon.colcon_core.shell:Creating prefix chain script '/home/vsohani/ros2_humble/src/sensor_manager_ros/install/setup.zsh'
